0 info it worked if it ends with ok
1 verbose cli [ 'S:\\Programs\\nodejs\\node.exe',
1 verbose cli   'C:\\Users\\apoor\\AppData\\Roaming\\npm\\node_modules\\npm\\bin\\npm-cli.js',
1 verbose cli   'install',
1 verbose cli   '-g',
1 verbose cli   'gulp@next' ]
2 info using npm@3.10.5
3 info using node@v4.2.2
4 silly loadCurrentTree Starting
5 silly install loadCurrentTree
6 silly install readGlobalPackageData
7 silly fetchPackageMetaData gulp@next
8 silly fetchNamedPackageData gulp
9 silly mapToRegistry name gulp
10 silly mapToRegistry using default registry
11 silly mapToRegistry registry https://registry.npmjs.org/
12 silly mapToRegistry data Result {
12 silly mapToRegistry   raw: 'gulp',
12 silly mapToRegistry   scope: null,
12 silly mapToRegistry   escapedName: 'gulp',
12 silly mapToRegistry   name: 'gulp',
12 silly mapToRegistry   rawSpec: '',
12 silly mapToRegistry   spec: 'latest',
12 silly mapToRegistry   type: 'tag' }
13 silly mapToRegistry uri https://registry.npmjs.org/gulp
14 verbose request uri https://registry.npmjs.org/gulp
15 verbose request no auth needed
16 info attempt registry request try #1 at 9:55:58 AM
17 verbose request id 3a5983417ee4fe51
18 verbose etag "7AI9QCVC7L3W4PF09T1X0Q7WQ"
19 http request GET https://registry.npmjs.org/gulp
20 http 304 https://registry.npmjs.org/gulp
21 verbose headers { date: 'Wed, 31 Aug 2016 15:55:56 GMT',
21 verbose headers   via: '1.1 varnish',
21 verbose headers   'cache-control': 'max-age=300',
21 verbose headers   etag: '"7AI9QCVC7L3W4PF09T1X0Q7WQ"',
21 verbose headers   age: '258',
21 verbose headers   connection: 'keep-alive',
21 verbose headers   'x-served-by': 'cache-sea1927-SEA',
21 verbose headers   'x-cache': 'HIT',
21 verbose headers   'x-cache-hits': '30',
21 verbose headers   'x-timer': 'S1472658956.275573,VS0,VE0',
21 verbose headers   vary: 'Accept-Encoding' }
22 silly get cb [ 304,
22 silly get   { date: 'Wed, 31 Aug 2016 15:55:56 GMT',
22 silly get     via: '1.1 varnish',
22 silly get     'cache-control': 'max-age=300',
22 silly get     etag: '"7AI9QCVC7L3W4PF09T1X0Q7WQ"',
22 silly get     age: '258',
22 silly get     connection: 'keep-alive',
22 silly get     'x-served-by': 'cache-sea1927-SEA',
22 silly get     'x-cache': 'HIT',
22 silly get     'x-cache-hits': '30',
22 silly get     'x-timer': 'S1472658956.275573,VS0,VE0',
22 silly get     vary: 'Accept-Encoding' } ]
23 verbose etag https://registry.npmjs.org/gulp from cache
24 verbose get saving gulp to C:\Users\apoor\AppData\Roaming\npm-cache\registry.npmjs.org\gulp\.cache.json
25 verbose correctMkdir C:\Users\apoor\AppData\Roaming\npm-cache correctMkdir not in flight; initializing
26 silly fetchNamedPackageData No valid target from cache, forcing network
27 verbose request uri https://registry.npmjs.org/gulp
28 verbose request no auth needed
29 info attempt registry request try #1 at 9:55:58 AM
30 http request GET https://registry.npmjs.org/gulp
31 http 200 https://registry.npmjs.org/gulp
32 verbose headers { server: 'CouchDB/1.5.0 (Erlang OTP/R16B03)',
32 verbose headers   etag: '"7AI9QCVC7L3W4PF09T1X0Q7WQ"',
32 verbose headers   'content-type': 'application/json',
32 verbose headers   'content-encoding': 'gzip',
32 verbose headers   'cache-control': 'max-age=300',
32 verbose headers   'content-length': '18838',
32 verbose headers   'accept-ranges': 'bytes',
32 verbose headers   date: 'Wed, 31 Aug 2016 15:55:56 GMT',
32 verbose headers   via: '1.1 varnish',
32 verbose headers   age: '258',
32 verbose headers   connection: 'keep-alive',
32 verbose headers   'x-served-by': 'cache-sea1925-SEA',
32 verbose headers   'x-cache': 'HIT',
32 verbose headers   'x-cache-hits': '12',
32 verbose headers   'x-timer': 'S1472658956.389996,VS0,VE0',
32 verbose headers   vary: 'Accept-Encoding' }
33 silly get cb [ 200,
33 silly get   { server: 'CouchDB/1.5.0 (Erlang OTP/R16B03)',
33 silly get     etag: '"7AI9QCVC7L3W4PF09T1X0Q7WQ"',
33 silly get     'content-type': 'application/json',
33 silly get     'content-encoding': 'gzip',
33 silly get     'cache-control': 'max-age=300',
33 silly get     'content-length': '18838',
33 silly get     'accept-ranges': 'bytes',
33 silly get     date: 'Wed, 31 Aug 2016 15:55:56 GMT',
33 silly get     via: '1.1 varnish',
33 silly get     age: '258',
33 silly get     connection: 'keep-alive',
33 silly get     'x-served-by': 'cache-sea1925-SEA',
33 silly get     'x-cache': 'HIT',
33 silly get     'x-cache-hits': '12',
33 silly get     'x-timer': 'S1472658956.389996,VS0,VE0',
33 silly get     vary: 'Accept-Encoding' } ]
34 verbose get saving gulp to C:\Users\apoor\AppData\Roaming\npm-cache\registry.npmjs.org\gulp\.cache.json
35 verbose correctMkdir C:\Users\apoor\AppData\Roaming\npm-cache correctMkdir not in flight; initializing
36 silly fetchPackageMetaData Error: No compatible version found: gulp@next
36 silly fetchPackageMetaData Valid install targets:
36 silly fetchPackageMetaData 3.9.1, 3.9.0, 3.8.11, 3.8.10, 3.8.9, 3.8.8, 3.8.7, 3.8.6, 3.8.5, 3.8.4, 3.8.3, 3.8.2, 3.8.1, 3.8.0, 3.7.0, 3.6.2, 3.6.1, 3.6.0, 3.5.6, 3.5.5, 3.5.2, 3.5.1, 3.5.0, 3.4.0, 3.3.4, 3.3.2, 3.3.1, 3.3.0, 3.2.5, 3.2.4, 3.2.3, 3.2.2, 3.2.1, 3.2.0, 3.1.4, 3.1.3, 3.1.2, 3.1.1, 3.0.0, 2.7.0, 2.6.1, 2.6.0, 2.4.1, 2.4.0, 2.3.0, 2.2.0, 2.1.0, 2.0.1, 2.0.0, 1.2.1, 1.2.0, 1.1.0, 1.0.0, 0.2.0, 0.1.0, 0.0.9, 0.0.8, 0.0.7, 0.0.5, 0.0.4, 0.0.3, 0.0.2, 0.0.1
36 silly fetchPackageMetaData
36 silly fetchPackageMetaData     at pickVersionFromRegistryDocument (C:\Users\apoor\AppData\Roaming\npm\node_modules\npm\lib\fetch-package-metadata.js:170:16)
36 silly fetchPackageMetaData     at C:\Users\apoor\AppData\Roaming\npm\node_modules\npm\node_modules\iferr\index.js:13:50
36 silly fetchPackageMetaData     at C:\Users\apoor\AppData\Roaming\npm\node_modules\npm\lib\utils\pulse-till-done.js:20:8
36 silly fetchPackageMetaData     at saved (C:\Users\apoor\AppData\Roaming\npm\node_modules\npm\lib\cache\caching-client.js:174:7)
36 silly fetchPackageMetaData     at C:\Users\apoor\AppData\Roaming\npm\node_modules\npm\node_modules\graceful-fs\polyfills.js:210:7
36 silly fetchPackageMetaData     at FSReqWrap.oncomplete (fs.js:82:15)
36 silly fetchPackageMetaData  error for gulp@next [Error: No compatible version found: gulp@next
36 silly fetchPackageMetaData Valid install targets:
36 silly fetchPackageMetaData 3.9.1, 3.9.0, 3.8.11, 3.8.10, 3.8.9, 3.8.8, 3.8.7, 3.8.6, 3.8.5, 3.8.4, 3.8.3, 3.8.2, 3.8.1, 3.8.0, 3.7.0, 3.6.2, 3.6.1, 3.6.0, 3.5.6, 3.5.5, 3.5.2, 3.5.1, 3.5.0, 3.4.0, 3.3.4, 3.3.2, 3.3.1, 3.3.0, 3.2.5, 3.2.4, 3.2.3, 3.2.2, 3.2.1, 3.2.0, 3.1.4, 3.1.3, 3.1.2, 3.1.1, 3.0.0, 2.7.0, 2.6.1, 2.6.0, 2.4.1, 2.4.0, 2.3.0, 2.2.0, 2.1.0, 2.0.1, 2.0.0, 1.2.1, 1.2.0, 1.1.0, 1.0.0, 0.2.0, 0.1.0, 0.0.9, 0.0.8, 0.0.7, 0.0.5, 0.0.4, 0.0.3, 0.0.2, 0.0.1
36 silly fetchPackageMetaData ]
37 silly rollbackFailedOptional Starting
38 silly rollbackFailedOptional Finishing
39 silly runTopLevelLifecycles Starting
40 silly runTopLevelLifecycles Finishing
41 silly install printInstalled
42 verbose stack Error: No compatible version found: gulp@next
42 verbose stack Valid install targets:
42 verbose stack 3.9.1, 3.9.0, 3.8.11, 3.8.10, 3.8.9, 3.8.8, 3.8.7, 3.8.6, 3.8.5, 3.8.4, 3.8.3, 3.8.2, 3.8.1, 3.8.0, 3.7.0, 3.6.2, 3.6.1, 3.6.0, 3.5.6, 3.5.5, 3.5.2, 3.5.1, 3.5.0, 3.4.0, 3.3.4, 3.3.2, 3.3.1, 3.3.0, 3.2.5, 3.2.4, 3.2.3, 3.2.2, 3.2.1, 3.2.0, 3.1.4, 3.1.3, 3.1.2, 3.1.1, 3.0.0, 2.7.0, 2.6.1, 2.6.0, 2.4.1, 2.4.0, 2.3.0, 2.2.0, 2.1.0, 2.0.1, 2.0.0, 1.2.1, 1.2.0, 1.1.0, 1.0.0, 0.2.0, 0.1.0, 0.0.9, 0.0.8, 0.0.7, 0.0.5, 0.0.4, 0.0.3, 0.0.2, 0.0.1
42 verbose stack
42 verbose stack     at pickVersionFromRegistryDocument (C:\Users\apoor\AppData\Roaming\npm\node_modules\npm\lib\fetch-package-metadata.js:170:16)
42 verbose stack     at C:\Users\apoor\AppData\Roaming\npm\node_modules\npm\node_modules\iferr\index.js:13:50
42 verbose stack     at C:\Users\apoor\AppData\Roaming\npm\node_modules\npm\lib\utils\pulse-till-done.js:20:8
42 verbose stack     at saved (C:\Users\apoor\AppData\Roaming\npm\node_modules\npm\lib\cache\caching-client.js:174:7)
42 verbose stack     at C:\Users\apoor\AppData\Roaming\npm\node_modules\npm\node_modules\graceful-fs\polyfills.js:210:7
42 verbose stack     at FSReqWrap.oncomplete (fs.js:82:15)
43 verbose cwd S:\temp\tests\typescript
44 error Windows_NT 10.0.10586
45 error argv "S:\\Programs\\nodejs\\node.exe" "C:\\Users\\apoor\\AppData\\Roaming\\npm\\node_modules\\npm\\bin\\npm-cli.js" "install" "-g" "gulp@next"
46 error node v4.2.2
47 error npm  v3.10.5
48 error No compatible version found: gulp@next
48 error Valid install targets:
48 error 3.9.1, 3.9.0, 3.8.11, 3.8.10, 3.8.9, 3.8.8, 3.8.7, 3.8.6, 3.8.5, 3.8.4, 3.8.3, 3.8.2, 3.8.1, 3.8.0, 3.7.0, 3.6.2, 3.6.1, 3.6.0, 3.5.6, 3.5.5, 3.5.2, 3.5.1, 3.5.0, 3.4.0, 3.3.4, 3.3.2, 3.3.1, 3.3.0, 3.2.5, 3.2.4, 3.2.3, 3.2.2, 3.2.1, 3.2.0, 3.1.4, 3.1.3, 3.1.2, 3.1.1, 3.0.0, 2.7.0, 2.6.1, 2.6.0, 2.4.1, 2.4.0, 2.3.0, 2.2.0, 2.1.0, 2.0.1, 2.0.0, 1.2.1, 1.2.0, 1.1.0, 1.0.0, 0.2.0, 0.1.0, 0.0.9, 0.0.8, 0.0.7, 0.0.5, 0.0.4, 0.0.3, 0.0.2, 0.0.1
49 error If you need help, you may report this error at:
49 error     <https://github.com/npm/npm/issues>
50 verbose exit [ 1, true ]
